2018-12-11 19:57:18 TRACE TestDriver:17 - main()
2018-12-11 19:57:18 TRACE TestDriver:53 - testUSFemDriver()
2018-12-11 19:57:18 TRACE MapConfig:103 - clearCountryCodes(USA)
2018-12-11 19:57:18 TRACE MapConfig:134 - addIndicatorCode(SE.SEC.HIAT.UP.FE.ZS)
2018-12-11 19:57:18 TRACE MapConfig:134 - addIndicatorCode(SE.TER.HIAT.BA.FE.ZS)
2018-12-11 19:57:18 TRACE MapConfig:134 - addIndicatorCode(SE.TER.HIAT.DO.FE.ZS)
2018-12-11 19:57:18 TRACE MapConfig:134 - addIndicatorCode(SE.TER.HIAT.MS.FE.ZS)
2018-12-11 19:57:18 TRACE MapConfig:134 - addIndicatorCode(SE.TER.HIAT.ST.FE.ZS)
2018-12-11 19:57:18 TRACE MapConfig:168 - addYear(1980)
2018-12-11 19:57:18 TRACE MapConfig:161 - addYearSeries(2000, 2016)
2018-12-11 19:57:18 TRACE GenderDataSchemaImpl:19 - GenderDataSchemaImpl initalizing columns.
2018-12-11 19:57:18 TRACE GenderDataSchemaImpl:33 - getColumns()
2018-12-11 19:57:18 TRACE MapConfig:115 - isValidIndicatorCode(SE.SEC.CUAT.UP.FE.ZS)
2018-12-11 19:57:26 TRACE TestDriver:17 - main()
2018-12-11 19:57:26 TRACE TestDriver:53 - testUSFemDriver()
2018-12-11 19:57:26 TRACE MapConfig:103 - clearCountryCodes(USA)
2018-12-11 19:57:26 TRACE MapConfig:134 - addIndicatorCode(SE.SEC.HIAT.UP.FE.ZS)
2018-12-11 19:57:26 TRACE MapConfig:134 - addIndicatorCode(SE.TER.HIAT.BA.FE.ZS)
2018-12-11 19:57:26 TRACE MapConfig:134 - addIndicatorCode(SE.TER.HIAT.DO.FE.ZS)
2018-12-11 19:57:26 TRACE MapConfig:134 - addIndicatorCode(SE.TER.HIAT.MS.FE.ZS)
2018-12-11 19:57:26 TRACE MapConfig:134 - addIndicatorCode(SE.TER.HIAT.ST.FE.ZS)
2018-12-11 19:57:26 TRACE MapConfig:168 - addYear(1980)
2018-12-11 19:57:26 TRACE MapConfig:161 - addYearSeries(2000, 2016)
2018-12-11 19:57:26 TRACE GenderDataSchemaImpl:19 - GenderDataSchemaImpl initalizing columns.
2018-12-11 19:57:26 TRACE GenderDataSchemaImpl:33 - getColumns()
2018-12-11 19:57:26 TRACE MapConfig:115 - isValidIndicatorCode(SE.SEC.CUAT.UP.FE.ZS)
2018-12-11 20:00:25 TRACE TestDriver:17 - main()
2018-12-11 20:00:25 TRACE TestDriver:53 - testUSFemDriver()
2018-12-11 20:00:25 TRACE MapConfig:103 - clearCountryCodes(USA)
2018-12-11 20:00:25 TRACE MapConfig:134 - addIndicatorCode(SE.SEC.HIAT.UP.FE.ZS)
2018-12-11 20:00:25 TRACE MapConfig:134 - addIndicatorCode(SE.TER.HIAT.BA.FE.ZS)
2018-12-11 20:00:25 TRACE MapConfig:134 - addIndicatorCode(SE.TER.HIAT.DO.FE.ZS)
2018-12-11 20:00:25 TRACE MapConfig:134 - addIndicatorCode(SE.TER.HIAT.MS.FE.ZS)
2018-12-11 20:00:25 TRACE MapConfig:134 - addIndicatorCode(SE.TER.HIAT.ST.FE.ZS)
2018-12-11 20:00:25 TRACE MapConfig:168 - addYear(1980)
2018-12-11 20:00:25 TRACE MapConfig:161 - addYearSeries(2000, 2016)
2018-12-11 20:00:25 TRACE GenderDataSchemaImpl:19 - GenderDataSchemaImpl initalizing columns.
2018-12-11 20:00:25 TRACE GenderDataSchemaImpl:33 - getColumns()
2018-12-11 20:00:25 TRACE MapConfig:115 - isValidIndicatorCode(SE.SEC.CUAT.UP.FE.ZS)
2018-12-11 20:30:54 TRACE TestDriver:17 - main()
2018-12-11 20:30:54 TRACE TestDriver:53 - testUSFemDriver()
2018-12-11 20:30:54 TRACE MapConfig:103 - clearCountryCodes(USA)
2018-12-11 20:30:54 TRACE MapConfig:134 - addIndicatorCode(SE.SEC.HIAT.UP.FE.ZS)
2018-12-11 20:30:54 TRACE MapConfig:134 - addIndicatorCode(SE.TER.HIAT.BA.FE.ZS)
2018-12-11 20:30:54 TRACE MapConfig:134 - addIndicatorCode(SE.TER.HIAT.DO.FE.ZS)
2018-12-11 20:30:54 TRACE MapConfig:134 - addIndicatorCode(SE.TER.HIAT.MS.FE.ZS)
2018-12-11 20:30:54 TRACE MapConfig:134 - addIndicatorCode(SE.TER.HIAT.ST.FE.ZS)
2018-12-11 20:30:54 TRACE MapConfig:168 - addYear(1980)
2018-12-11 20:30:54 TRACE MapConfig:161 - addYearSeries(2000, 2016)
2018-12-11 20:30:54 TRACE GenderDataSchemaImpl:19 - GenderDataSchemaImpl initalizing columns.
2018-12-11 20:30:54 TRACE AbstractSchema:18 - constructor(), calls getColumns from child class.
2018-12-11 20:30:54 TRACE GenderDataSchemaImpl:33 - getColumns()
2018-12-11 20:31:32 TRACE TestDriver:17 - main()
2018-12-11 20:31:32 TRACE TestDriver:53 - testUSFemDriver()
2018-12-11 20:31:32 TRACE MapConfig:103 - clearCountryCodes(USA)
2018-12-11 20:31:32 TRACE MapConfig:134 - addIndicatorCode(SE.SEC.HIAT.UP.FE.ZS)
2018-12-11 20:31:32 TRACE MapConfig:134 - addIndicatorCode(SE.TER.HIAT.BA.FE.ZS)
2018-12-11 20:31:32 TRACE MapConfig:134 - addIndicatorCode(SE.TER.HIAT.DO.FE.ZS)
2018-12-11 20:31:32 TRACE MapConfig:134 - addIndicatorCode(SE.TER.HIAT.MS.FE.ZS)
2018-12-11 20:31:32 TRACE MapConfig:134 - addIndicatorCode(SE.TER.HIAT.ST.FE.ZS)
2018-12-11 20:31:32 TRACE MapConfig:168 - addYear(1980)
2018-12-11 20:31:32 TRACE MapConfig:161 - addYearSeries(2000, 2016)
2018-12-11 20:31:33 TRACE GenderDataSchemaImpl:19 - GenderDataSchemaImpl initalizing columns.
2018-12-11 20:31:33 TRACE AbstractSchema:18 - constructor(), calls getColumns from child class.
2018-12-11 20:31:33 TRACE GenderDataSchemaImpl:33 - getColumns()
2018-12-11 20:31:33 TRACE USFemEdMapper:27 - map(1, "United States","USA","Educational attainment, at least completed upper secondary, population 25+, female (%) (cumulative)","SE.SEC.CUAT.UP.FE.ZS","","","","","","","","","","","","","","","","","","","","","","","","","","","","","","","","","","","","","","","","","","","","","","","","","","","","","","","50","16","20", context)
2018-12-11 20:31:33 TRACE AbstractSchema:24 - putRow("United States","USA","Educational attainment, at least completed upper secondary, population 25+, female (%) (cumulative)","SE.SEC.CUAT.UP.FE.ZS","","","","","","","","","","","","","","","","","","","","","","","","","","","","","","","","","","","","","","","","","","","","","","","","","","","","","","","50","16","20", ",") **truncated
2018-12-11 20:31:33 TRACE AbstractSchema:53 - getValueFromColumnName(INDICATOR_CODE)
2018-12-11 20:31:33 TRACE MapConfig:115 - isValidIndicatorCode(SE.SEC.CUAT.UP.FE.ZS)
2018-12-11 20:33:24 TRACE TestDriver:17 - main()
2018-12-11 20:33:24 TRACE TestDriver:53 - testUSFemDriver()
2018-12-11 20:33:24 TRACE MapConfig:103 - clearCountryCodes(USA)
2018-12-11 20:33:24 TRACE MapConfig:134 - addIndicatorCode(SE.SEC.HIAT.UP.FE.ZS)
2018-12-11 20:33:24 TRACE MapConfig:134 - addIndicatorCode(SE.TER.HIAT.BA.FE.ZS)
2018-12-11 20:33:24 TRACE MapConfig:134 - addIndicatorCode(SE.TER.HIAT.DO.FE.ZS)
2018-12-11 20:33:24 TRACE MapConfig:134 - addIndicatorCode(SE.TER.HIAT.MS.FE.ZS)
2018-12-11 20:33:24 TRACE MapConfig:134 - addIndicatorCode(SE.TER.HIAT.ST.FE.ZS)
2018-12-11 20:33:24 TRACE MapConfig:168 - addYear(1980)
2018-12-11 20:33:24 TRACE MapConfig:161 - addYearSeries(2000, 2016)
2018-12-11 20:33:24 TRACE GenderDataSchemaImpl:19 - GenderDataSchemaImpl initalizing columns.
2018-12-11 20:33:24 TRACE AbstractSchema:18 - constructor(), calls getColumns from child class.
2018-12-11 20:33:24 TRACE GenderDataSchemaImpl:33 - getColumns()
2018-12-11 20:33:24 TRACE USFemEdMapper:27 - map(1, "United States","USA","Educational attainment, at least completed upper secondary, population 25+, female (%) (cumulative)","SE.SEC.HIAT.UP.FE.ZS","","","","","","","","","","","","","","","","","","","","","","","","","","","","","","","","","","","","","","","","","","","","","","","","","","","","","","","50","16","20", context)
2018-12-11 20:33:24 TRACE AbstractSchema:24 - putRow("United States","USA","Educational attainment, at least completed upper secondary, population 25+, female (%) (cumulative)","SE.SEC.HIAT.UP.FE.ZS","","","","","","","","","","","","","","","","","","","","","","","","","","","","","","","","","","","","","","","","","","","","","","","","","","","","","","","50","16","20", ",") **truncated
2018-12-11 20:33:24 TRACE AbstractSchema:53 - getValueFromColumnName(INDICATOR_CODE)
2018-12-11 20:33:24 TRACE MapConfig:115 - isValidIndicatorCode(SE.SEC.HIAT.UP.FE.ZS)
2018-12-11 20:33:24 TRACE AbstractSchema:53 - getValueFromColumnName(COUNTRY_CODE)
2018-12-11 20:33:24 TRACE MapConfig:84 - isValidCountryCode(USA)
2018-12-11 20:33:24 TRACE AbstractSchema:53 - getValueFromColumnName(1980)
2018-12-11 20:33:24 TRACE AbstractSchema:53 - getValueFromColumnName(2000)
2018-12-11 20:33:24 TRACE AbstractSchema:53 - getValueFromColumnName(2001)
2018-12-11 20:33:24 TRACE AbstractSchema:53 - getValueFromColumnName(2002)
2018-12-11 20:33:24 TRACE AbstractSchema:53 - getValueFromColumnName(2003)
2018-12-11 20:33:24 TRACE AbstractSchema:53 - getValueFromColumnName(2004)
2018-12-11 20:33:24 TRACE AbstractSchema:53 - getValueFromColumnName(2005)
2018-12-11 20:33:24 TRACE AbstractSchema:53 - getValueFromColumnName(2006)
2018-12-11 20:33:24 TRACE AbstractSchema:53 - getValueFromColumnName(2007)
2018-12-11 20:33:24 TRACE AbstractSchema:53 - getValueFromColumnName(2008)
2018-12-11 20:33:24 TRACE AbstractSchema:53 - getValueFromColumnName(2009)
2018-12-11 20:33:24 TRACE AbstractSchema:53 - getValueFromColumnName(2010)
2018-12-11 20:33:24 TRACE AbstractSchema:53 - getValueFromColumnName(2011)
2018-12-11 20:33:24 TRACE AbstractSchema:53 - getValueFromColumnName(2012)
2018-12-11 20:33:24 TRACE AbstractSchema:53 - getValueFromColumnName(2013)
2018-12-11 20:33:24 TRACE AbstractSchema:53 - getValueFromColumnName(2014)
2018-12-11 20:33:24 TRACE AbstractSchema:53 - getValueFromColumnName(2015)
2018-12-11 20:33:24 TRACE AbstractSchema:53 - getValueFromColumnName(2016)
2018-12-11 20:33:36 TRACE TestDriver:17 - main()
2018-12-11 20:33:36 TRACE TestDriver:53 - testUSFemDriver()
2018-12-11 20:33:36 TRACE MapConfig:103 - clearCountryCodes(USA)
2018-12-11 20:33:36 TRACE MapConfig:134 - addIndicatorCode(SE.SEC.HIAT.UP.FE.ZS)
2018-12-11 20:33:36 TRACE MapConfig:134 - addIndicatorCode(SE.TER.HIAT.BA.FE.ZS)
2018-12-11 20:33:36 TRACE MapConfig:134 - addIndicatorCode(SE.TER.HIAT.DO.FE.ZS)
2018-12-11 20:33:36 TRACE MapConfig:134 - addIndicatorCode(SE.TER.HIAT.MS.FE.ZS)
2018-12-11 20:33:36 TRACE MapConfig:134 - addIndicatorCode(SE.TER.HIAT.ST.FE.ZS)
2018-12-11 20:33:36 TRACE MapConfig:191 - loadCompleteOnlyEducationTitleMap()
2018-12-11 20:33:36 TRACE MapConfig:168 - addYear(1980)
2018-12-11 20:33:36 TRACE MapConfig:161 - addYearSeries(2000, 2016)
2018-12-11 20:33:36 TRACE GenderDataSchemaImpl:19 - GenderDataSchemaImpl initalizing columns.
2018-12-11 20:33:36 TRACE AbstractSchema:18 - constructor(), calls getColumns from child class.
2018-12-11 20:33:36 TRACE GenderDataSchemaImpl:33 - getColumns()
2018-12-11 20:33:36 TRACE USFemEdMapper:27 - map(1, "United States","USA","Educational attainment, at least completed upper secondary, population 25+, female (%) (cumulative)","SE.SEC.HIAT.UP.FE.ZS","","","","","","","","","","","","","","","","","","","","","","","","","","","","","","","","","","","","","","","","","","","","","","","","","","","","","","","50","16","20", context)
2018-12-11 20:33:36 TRACE AbstractSchema:24 - putRow("United States","USA","Educational attainment, at least completed upper secondary, population 25+, female (%) (cumulative)","SE.SEC.HIAT.UP.FE.ZS","","","","","","","","","","","","","","","","","","","","","","","","","","","","","","","","","","","","","","","","","","","","","","","","","","","","","","","50","16","20", ",") **truncated
2018-12-11 20:33:36 TRACE AbstractSchema:53 - getValueFromColumnName(INDICATOR_CODE)
2018-12-11 20:33:36 TRACE MapConfig:115 - isValidIndicatorCode(SE.SEC.HIAT.UP.FE.ZS)
2018-12-11 20:33:36 TRACE AbstractSchema:53 - getValueFromColumnName(COUNTRY_CODE)
2018-12-11 20:33:36 TRACE MapConfig:84 - isValidCountryCode(USA)
2018-12-11 20:33:36 TRACE AbstractSchema:53 - getValueFromColumnName(1980)
2018-12-11 20:33:36 TRACE AbstractSchema:53 - getValueFromColumnName(2000)
2018-12-11 20:33:36 TRACE AbstractSchema:53 - getValueFromColumnName(2001)
2018-12-11 20:33:36 TRACE AbstractSchema:53 - getValueFromColumnName(2002)
2018-12-11 20:33:36 TRACE AbstractSchema:53 - getValueFromColumnName(2003)
2018-12-11 20:33:36 TRACE AbstractSchema:53 - getValueFromColumnName(2004)
2018-12-11 20:33:36 TRACE AbstractSchema:53 - getValueFromColumnName(2005)
2018-12-11 20:33:36 TRACE AbstractSchema:53 - getValueFromColumnName(2006)
2018-12-11 20:33:36 TRACE AbstractSchema:53 - getValueFromColumnName(2007)
2018-12-11 20:33:36 TRACE AbstractSchema:53 - getValueFromColumnName(2008)
2018-12-11 20:33:36 TRACE AbstractSchema:53 - getValueFromColumnName(2009)
2018-12-11 20:33:36 TRACE AbstractSchema:53 - getValueFromColumnName(2010)
2018-12-11 20:33:36 TRACE AbstractSchema:53 - getValueFromColumnName(2011)
2018-12-11 20:33:36 TRACE AbstractSchema:53 - getValueFromColumnName(2012)
2018-12-11 20:33:36 TRACE AbstractSchema:53 - getValueFromColumnName(2013)
2018-12-11 20:33:36 TRACE AbstractSchema:53 - getValueFromColumnName(2014)
2018-12-11 20:33:36 TRACE AbstractSchema:53 - getValueFromColumnName(2015)
2018-12-11 20:33:36 TRACE AbstractSchema:53 - getValueFromColumnName(2016)
